<?xml version="1.0" encoding="UTF-8"?>
<testng-results skipped="0" failed="0" ignored="0" total="1" passed="1">
  <reporter-output>
  </reporter-output>
  <suite name="Suite1" duration-ms="335510" started-at="2018-12-19T10:37:24Z" finished-at="2018-12-19T10:42:59Z">
    <groups>
    </groups>
    <test name="test1" duration-ms="335510" started-at="2018-12-19T10:37:24Z" finished-at="2018-12-19T10:42:59Z">
      <class name="TestDemo">
        <test-method status="PASS" signature="setUp()[pri:0, instance:TestDemo@7d4793a8]" name="setUp" is-config="true" duration-ms="6931" started-at="2018-12-19T18:37:24Z" finished-at="2018-12-19T18:37:30Z">
          <reporter-output>
          </reporter-output>
        </test-method> <!-- setUp -->
        <test-method status="PASS" signature="testTest()[pri:0, instance:TestDemo@7d4793a8]" name="testTest" duration-ms="324535" started-at="2018-12-19T18:37:30Z" finished-at="2018-12-19T18:42:55Z">
          <reporter-output>
          </reporter-output>
        </test-method> <!-- testTest -->
        <test-method status="PASS" signature="tearDown()[pri:0, instance:TestDemo@7d4793a8]" name="tearDown" is-config="true" duration-ms="4027" started-at="2018-12-19T18:42:55Z" finished-at="2018-12-19T18:42:59Z">
          <reporter-output>
          </reporter-output>
        </test-method> <!-- tearDown -->
      </class> <!-- TestDemo -->
    </test> <!-- test1 -->
  </suite> <!-- Suite1 -->
</testng-results>
